c:\users\vincent\desktop\buildorderrandomizer\buildorderrandomizer\debug\vc140.pdb
c:\users\vincent\desktop\buildorderrandomizer\buildorderrandomizer\debug\myform.obj
c:\users\vincent\desktop\buildorderrandomizer\buildorderrandomizer\debug\.netframework,version=v4.5.2.assemblyattributes.obj
c:\users\vincent\desktop\buildorderrandomizer\buildorderrandomizer\debug\.netframework,version=v4.5.2.assemblyattributes.asm
c:\users\vincent\desktop\buildorderrandomizer\debug\buildorderrandomizer.exe
c:\users\vincent\desktop\buildorderrandomizer\debug\buildorderrandomizer.pdb
c:\users\vincent\documents\misc\github\buildorderrandomizer\buildorderrandomizer\debug\buildorderrandomizer.vcxprojresolveassemblyreference.cache
c:\users\vincent\documents\misc\github\buildorderrandomizer\buildorderrandomizer\debug\.netframework,version=v4.5.2.assemblyattributes.obj
c:\users\vincent\documents\misc\github\buildorderrandomizer\buildorderrandomizer\debug\myform.obj
c:\users\vincent\documents\misc\github\buildorderrandomizer\buildorderrandomizer\debug\vc140.pdb
c:\users\vincent\documents\misc\github\buildorderrandomizer\debug\buildorderrandomizer.pdb
c:\users\vincent\documents\misc\github\buildorderrandomizer\debug\buildorderrandomizer.exe
c:\users\vincent\documents\misc\github\buildorderrandomizer\buildorderrandomizer\debug\buildord.83f61e57.tlog\cl.command.1.tlog
c:\users\vincent\documents\misc\github\buildorderrandomizer\buildorderrandomizer\debug\buildord.83f61e57.tlog\cl.read.1.tlog
c:\users\vincent\documents\misc\github\buildorderrandomizer\buildorderrandomizer\debug\buildord.83f61e57.tlog\cl.write.1.tlog
c:\users\vincent\documents\misc\github\buildorderrandomizer\buildorderrandomizer\debug\buildord.83f61e57.tlog\link.command.1.tlog
c:\users\vincent\documents\misc\github\buildorderrandomizer\buildorderrandomizer\debug\buildord.83f61e57.tlog\link.read.1.tlog
c:\users\vincent\documents\misc\github\buildorderrandomizer\buildorderrandomizer\debug\buildord.83f61e57.tlog\link.write.1.tlog
c:\users\vincent\documents\misc\github\buildorderrandomizer\buildorderrandomizer\debug\buildord.83f61e57.tlog\metagen.read.1.tlog
c:\users\vincent\documents\misc\github\buildorderrandomizer\buildorderrandomizer\debug\buildord.83f61e57.tlog\metagen.write.1.tlog
c:\users\vincent\documents\misc\github\buildorderrandomizer\buildorderrandomizer\debug\buildord.83f61e57.tlog\tzres.dll.bi
